2024-02-08 13:55:09,861 [Worker-7: Loading available Gradle versions] INFO  o.e.b.c.i.u.g.PublishedGradleVersions - Gradle version information cache is up-to-date. Trying to read.
2024-02-08 13:55:29,794 [ModalContext] INFO  o.e.m.c.i.e.AbstractTransferListenerAdapter - Downloading https://repo.maven.apache.org/maven2/org/apache/maven/archetypes/maven-archetype-webapp/1.0/maven-archetype-webapp-1.0.pom
2024-02-08 13:55:29,805 [ModalContext] INFO  o.e.m.c.i.e.AbstractTransferListenerAdapter - Downloaded https://repo.maven.apache.org/maven2/org/apache/maven/archetypes/maven-archetype-webapp/1.0/maven-archetype-webapp-1.0.pom
2024-02-08 13:55:29,998 [ModalContext] INFO  o.e.m.c.i.e.AbstractTransferListenerAdapter - Downloading https://repo.maven.apache.org/maven2/org/apache/maven/archetypes/maven-archetype-bundles/2/maven-archetype-bundles-2.pom
2024-02-08 13:55:30,008 [ModalContext] INFO  o.e.m.c.i.e.AbstractTransferListenerAdapter - Downloaded https://repo.maven.apache.org/maven2/org/apache/maven/archetypes/maven-archetype-bundles/2/maven-archetype-bundles-2.pom
2024-02-08 13:55:30,206 [ModalContext] INFO  o.e.m.c.i.e.AbstractTransferListenerAdapter - Downloading https://repo.maven.apache.org/maven2/org/apache/maven/archetype/maven-archetype-parent/1/maven-archetype-parent-1.pom
2024-02-08 13:55:30,210 [ModalContext] INFO  o.e.m.c.i.e.AbstractTransferListenerAdapter - Downloaded https://repo.maven.apache.org/maven2/org/apache/maven/archetype/maven-archetype-parent/1/maven-archetype-parent-1.pom
2024-02-08 13:55:30,407 [ModalContext] INFO  o.e.m.c.i.e.AbstractTransferListenerAdapter - Downloading https://repo.maven.apache.org/maven2/org/apache/maven/maven-parent/4/maven-parent-4.pom
2024-02-08 13:55:30,412 [ModalContext] INFO  o.e.m.c.i.e.AbstractTransferListenerAdapter - Downloaded https://repo.maven.apache.org/maven2/org/apache/maven/maven-parent/4/maven-parent-4.pom
2024-02-08 13:55:30,615 [ModalContext] INFO  o.e.m.c.i.e.AbstractTransferListenerAdapter - Downloading https://repo.maven.apache.org/maven2/org/apache/maven/archetypes/maven-archetype-webapp/1.0/maven-archetype-webapp-1.0.jar
2024-02-08 13:55:30,618 [ModalContext] INFO  o.e.m.c.i.e.AbstractTransferListenerAdapter - Downloaded https://repo.maven.apache.org/maven2/org/apache/maven/archetypes/maven-archetype-webapp/1.0/maven-archetype-webapp-1.0.jar
2024-02-08 13:55:45,707 [Worker-11: Launching mavenrun-5d847287-5543-44bd-9c71-1265c89efcdf] INFO  o.eclipse.m2e.core.internal.Bundles - getClasspathEntries(Bundle=org.eclipse.m2e.maven.runtime_3.9.500.20231113-2345 [629])
2024-02-08 13:55:45,709 [Worker-11: Launching mavenrun-5d847287-5543-44bd-9c71-1265c89efcdf] INFO  o.eclipse.m2e.core.internal.Bundles - 	Entry: C:\Users\MANISH KUMAR\Downloads\eclipse-jee-2023-12-R-win32-x86_64\eclipse\plugins\org.eclipse.m2e.maven.runtime_3.9.500.20231113-2345
2024-02-08 13:55:45,710 [Worker-11: Launching mavenrun-5d847287-5543-44bd-9c71-1265c89efcdf] INFO  o.eclipse.m2e.core.internal.Bundles - 	Entry: C:\Users\MANISH KUMAR\Downloads\eclipse-jee-2023-12-R-win32-x86_64\eclipse\plugins\org.eclipse.m2e.maven.runtime_3.9.500.20231113-2345\jars\aopalliance-1.0.jar
2024-02-08 13:55:45,710 [Worker-11: Launching mavenrun-5d847287-5543-44bd-9c71-1265c89efcdf] INFO  o.eclipse.m2e.core.internal.Bundles - 	Entry: C:\Users\MANISH KUMAR\Downloads\eclipse-jee-2023-12-R-win32-x86_64\eclipse\plugins\org.eclipse.m2e.maven.runtime_3.9.500.20231113-2345\jars\guice-5.1.0.jar
2024-02-08 13:55:45,710 [Worker-11: Launching mavenrun-5d847287-5543-44bd-9c71-1265c89efcdf] INFO  o.eclipse.m2e.core.internal.Bundles - 	Entry: C:\Users\MANISH KUMAR\Downloads\eclipse-jee-2023-12-R-win32-x86_64\eclipse\plugins\org.eclipse.m2e.maven.runtime_3.9.500.20231113-2345\jars\httpclient-4.5.14.jar
2024-02-08 13:55:45,710 [Worker-11: Launching mavenrun-5d847287-5543-44bd-9c71-1265c89efcdf] INFO  o.eclipse.m2e.core.internal.Bundles - 	Entry: C:\Users\MANISH KUMAR\Downloads\eclipse-jee-2023-12-R-win32-x86_64\eclipse\plugins\org.eclipse.m2e.maven.runtime_3.9.500.20231113-2345\jars\httpcore-4.4.16.jar
2024-02-08 13:55:45,710 [Worker-11: Launching mavenrun-5d847287-5543-44bd-9c71-1265c89efcdf] INFO  o.eclipse.m2e.core.internal.Bundles - 	Entry: C:\Users\MANISH KUMAR\Downloads\eclipse-jee-2023-12-R-win32-x86_64\eclipse\plugins\org.eclipse.m2e.maven.runtime_3.9.500.20231113-2345\jars\jansi-2.4.0.jar
2024-02-08 13:55:45,711 [Worker-11: Launching mavenrun-5d847287-5543-44bd-9c71-1265c89efcdf] INFO  o.eclipse.m2e.core.internal.Bundles - 	Entry: C:\Users\MANISH KUMAR\Downloads\eclipse-jee-2023-12-R-win32-x86_64\eclipse\plugins\org.eclipse.m2e.maven.runtime_3.9.500.20231113-2345\jars\jcl-over-slf4j-1.7.36.jar
2024-02-08 13:55:45,711 [Worker-11: Launching mavenrun-5d847287-5543-44bd-9c71-1265c89efcdf] INFO  o.eclipse.m2e.core.internal.Bundles - 	Entry: C:\Users\MANISH KUMAR\Downloads\eclipse-jee-2023-12-R-win32-x86_64\eclipse\plugins\org.eclipse.m2e.maven.runtime_3.9.500.20231113-2345\jars\maven-artifact-3.9.5.jar
2024-02-08 13:55:45,711 [Worker-11: Launching mavenrun-5d847287-5543-44bd-9c71-1265c89efcdf] INFO  o.eclipse.m2e.core.internal.Bundles - 	Entry: C:\Users\MANISH KUMAR\Downloads\eclipse-jee-2023-12-R-win32-x86_64\eclipse\plugins\org.eclipse.m2e.maven.runtime_3.9.500.20231113-2345\jars\maven-builder-support-3.9.5.jar
2024-02-08 13:55:45,711 [Worker-11: Launching mavenrun-5d847287-5543-44bd-9c71-1265c89efcdf] INFO  o.eclipse.m2e.core.internal.Bundles - 	Entry: C:\Users\MANISH KUMAR\Downloads\eclipse-jee-2023-12-R-win32-x86_64\eclipse\plugins\org.eclipse.m2e.maven.runtime_3.9.500.20231113-2345\jars\maven-compat-3.9.5.jar
2024-02-08 13:55:45,713 [Worker-11: Launching mavenrun-5d847287-5543-44bd-9c71-1265c89efcdf] INFO  o.eclipse.m2e.core.internal.Bundles - 	Entry: C:\Users\MANISH KUMAR\Downloads\eclipse-jee-2023-12-R-win32-x86_64\eclipse\plugins\org.eclipse.m2e.maven.runtime_3.9.500.20231113-2345\jars\maven-core-3.9.5.jar
2024-02-08 13:55:45,713 [Worker-11: Launching mavenrun-5d847287-5543-44bd-9c71-1265c89efcdf] INFO  o.eclipse.m2e.core.internal.Bundles - 	Entry: C:\Users\MANISH KUMAR\Downloads\eclipse-jee-2023-12-R-win32-x86_64\eclipse\plugins\org.eclipse.m2e.maven.runtime_3.9.500.20231113-2345\jars\maven-embedder-3.9.5.jar
2024-02-08 13:55:45,713 [Worker-11: Launching mavenrun-5d847287-5543-44bd-9c71-1265c89efcdf] INFO  o.eclipse.m2e.core.internal.Bundles - 	Entry: C:\Users\MANISH KUMAR\Downloads\eclipse-jee-2023-12-R-win32-x86_64\eclipse\plugins\org.eclipse.m2e.maven.runtime_3.9.500.20231113-2345\jars\maven-model-3.9.5.jar
2024-02-08 13:55:45,713 [Worker-11: Launching mavenrun-5d847287-5543-44bd-9c71-1265c89efcdf] INFO  o.eclipse.m2e.core.internal.Bundles - 	Entry: C:\Users\MANISH KUMAR\Downloads\eclipse-jee-2023-12-R-win32-x86_64\eclipse\plugins\org.eclipse.m2e.maven.runtime_3.9.500.20231113-2345\jars\maven-model-builder-3.9.5.jar
2024-02-08 13:55:45,714 [Worker-11: Launching mavenrun-5d847287-5543-44bd-9c71-1265c89efcdf] INFO  o.eclipse.m2e.core.internal.Bundles - 	Entry: C:\Users\MANISH KUMAR\Downloads\eclipse-jee-2023-12-R-win32-x86_64\eclipse\plugins\org.eclipse.m2e.maven.runtime_3.9.500.20231113-2345\jars\maven-plugin-api-3.9.5.jar
2024-02-08 13:55:45,714 [Worker-11: Launching mavenrun-5d847287-5543-44bd-9c71-1265c89efcdf] INFO  o.eclipse.m2e.core.internal.Bundles - 	Entry: C:\Users\MANISH KUMAR\Downloads\eclipse-jee-2023-12-R-win32-x86_64\eclipse\plugins\org.eclipse.m2e.maven.runtime_3.9.500.20231113-2345\jars\maven-repository-metadata-3.9.5.jar
2024-02-08 13:55:45,714 [Worker-11: Launching mavenrun-5d847287-5543-44bd-9c71-1265c89efcdf] INFO  o.eclipse.m2e.core.internal.Bundles - 	Entry: C:\Users\MANISH KUMAR\Downloads\eclipse-jee-2023-12-R-win32-x86_64\eclipse\plugins\org.eclipse.m2e.maven.runtime_3.9.500.20231113-2345\jars\maven-resolver-api-1.9.16.jar
2024-02-08 13:55:45,714 [Worker-11: Launching mavenrun-5d847287-5543-44bd-9c71-1265c89efcdf] INFO  o.eclipse.m2e.core.internal.Bundles - 	Entry: C:\Users\MANISH KUMAR\Downloads\eclipse-jee-2023-12-R-win32-x86_64\eclipse\plugins\org.eclipse.m2e.maven.runtime_3.9.500.20231113-2345\jars\maven-resolver-connector-basic-1.9.16.jar
2024-02-08 13:55:45,715 [Worker-11: Launching mavenrun-5d847287-5543-44bd-9c71-1265c89efcdf] INFO  o.eclipse.m2e.core.internal.Bundles - 	Entry: C:\Users\MANISH KUMAR\Downloads\eclipse-jee-2023-12-R-win32-x86_64\eclipse\plugins\org.eclipse.m2e.maven.runtime_3.9.500.20231113-2345\jars\maven-resolver-impl-1.9.16.jar
2024-02-08 13:55:45,715 [Worker-11: Launching mavenrun-5d847287-5543-44bd-9c71-1265c89efcdf] INFO  o.eclipse.m2e.core.internal.Bundles - 	Entry: C:\Users\MANISH KUMAR\Downloads\eclipse-jee-2023-12-R-win32-x86_64\eclipse\plugins\org.eclipse.m2e.maven.runtime_3.9.500.20231113-2345\jars\maven-resolver-named-locks-1.9.16.jar
2024-02-08 13:55:45,716 [Worker-11: Launching mavenrun-5d847287-5543-44bd-9c71-1265c89efcdf] INFO  o.eclipse.m2e.core.internal.Bundles - 	Entry: C:\Users\MANISH KUMAR\Downloads\eclipse-jee-2023-12-R-win32-x86_64\eclipse\plugins\org.eclipse.m2e.maven.runtime_3.9.500.20231113-2345\jars\maven-resolver-provider-3.9.5.jar
2024-02-08 13:55:45,716 [Worker-11: Launching mavenrun-5d847287-5543-44bd-9c71-1265c89efcdf] INFO  o.eclipse.m2e.core.internal.Bundles - 	Entry: C:\Users\MANISH KUMAR\Downloads\eclipse-jee-2023-12-R-win32-x86_64\eclipse\plugins\org.eclipse.m2e.maven.runtime_3.9.500.20231113-2345\jars\maven-resolver-spi-1.9.16.jar
2024-02-08 13:55:45,716 [Worker-11: Launching mavenrun-5d847287-5543-44bd-9c71-1265c89efcdf] INFO  o.eclipse.m2e.core.internal.Bundles - 	Entry: C:\Users\MANISH KUMAR\Downloads\eclipse-jee-2023-12-R-win32-x86_64\eclipse\plugins\org.eclipse.m2e.maven.runtime_3.9.500.20231113-2345\jars\maven-resolver-transport-file-1.9.16.jar
2024-02-08 13:55:45,717 [Worker-11: Launching mavenrun-5d847287-5543-44bd-9c71-1265c89efcdf] INFO  o.eclipse.m2e.core.internal.Bundles - 	Entry: C:\Users\MANISH KUMAR\Downloads\eclipse-jee-2023-12-R-win32-x86_64\eclipse\plugins\org.eclipse.m2e.maven.runtime_3.9.500.20231113-2345\jars\maven-resolver-transport-http-1.9.16.jar
2024-02-08 13:55:45,717 [Worker-11: Launching mavenrun-5d847287-5543-44bd-9c71-1265c89efcdf] INFO  o.eclipse.m2e.core.internal.Bundles - 	Entry: C:\Users\MANISH KUMAR\Downloads\eclipse-jee-2023-12-R-win32-x86_64\eclipse\plugins\org.eclipse.m2e.maven.runtime_3.9.500.20231113-2345\jars\maven-resolver-transport-wagon-1.9.16.jar
2024-02-08 13:55:45,717 [Worker-11: Launching mavenrun-5d847287-5543-44bd-9c71-1265c89efcdf] INFO  o.eclipse.m2e.core.internal.Bundles - 	Entry: C:\Users\MANISH KUMAR\Downloads\eclipse-jee-2023-12-R-win32-x86_64\eclipse\plugins\org.eclipse.m2e.maven.runtime_3.9.500.20231113-2345\jars\maven-resolver-util-1.9.16.jar
2024-02-08 13:55:45,717 [Worker-11: Launching mavenrun-5d847287-5543-44bd-9c71-1265c89efcdf] INFO  o.eclipse.m2e.core.internal.Bundles - 	Entry: C:\Users\MANISH KUMAR\Downloads\eclipse-jee-2023-12-R-win32-x86_64\eclipse\plugins\org.eclipse.m2e.maven.runtime_3.9.500.20231113-2345\jars\maven-settings-3.9.5.jar
2024-02-08 13:55:45,717 [Worker-11: Launching mavenrun-5d847287-5543-44bd-9c71-1265c89efcdf] INFO  o.eclipse.m2e.core.internal.Bundles - 	Entry: C:\Users\MANISH KUMAR\Downloads\eclipse-jee-2023-12-R-win32-x86_64\eclipse\plugins\org.eclipse.m2e.maven.runtime_3.9.500.20231113-2345\jars\maven-settings-builder-3.9.5.jar
2024-02-08 13:55:45,718 [Worker-11: Launching mavenrun-5d847287-5543-44bd-9c71-1265c89efcdf] INFO  o.eclipse.m2e.core.internal.Bundles - 	Entry: C:\Users\MANISH KUMAR\Downloads\eclipse-jee-2023-12-R-win32-x86_64\eclipse\plugins\org.eclipse.m2e.maven.runtime_3.9.500.20231113-2345\jars\maven-shared-utils-3.3.4.jar
2024-02-08 13:55:45,718 [Worker-11: Launching mavenrun-5d847287-5543-44bd-9c71-1265c89efcdf] INFO  o.eclipse.m2e.core.internal.Bundles - 	Entry: C:\Users\MANISH KUMAR\Downloads\eclipse-jee-2023-12-R-win32-x86_64\eclipse\plugins\org.eclipse.m2e.maven.runtime_3.9.500.20231113-2345\jars\org.eclipse.sisu.inject-0.3.5.jar
2024-02-08 13:55:45,718 [Worker-11: Launching mavenrun-5d847287-5543-44bd-9c71-1265c89efcdf] INFO  o.eclipse.m2e.core.internal.Bundles - 	Entry: C:\Users\MANISH KUMAR\Downloads\eclipse-jee-2023-12-R-win32-x86_64\eclipse\plugins\org.eclipse.m2e.maven.runtime_3.9.500.20231113-2345\jars\org.eclipse.sisu.plexus-0.3.5.jar
2024-02-08 13:55:45,718 [Worker-11: Launching mavenrun-5d847287-5543-44bd-9c71-1265c89efcdf] INFO  o.eclipse.m2e.core.internal.Bundles - 	Entry: C:\Users\MANISH KUMAR\Downloads\eclipse-jee-2023-12-R-win32-x86_64\eclipse\plugins\org.eclipse.m2e.maven.runtime_3.9.500.20231113-2345\jars\plexus-build-api-0.0.7.jar
2024-02-08 13:55:45,718 [Worker-11: Launching mavenrun-5d847287-5543-44bd-9c71-1265c89efcdf] INFO  o.eclipse.m2e.core.internal.Bundles - 	Entry: C:\Users\MANISH KUMAR\Downloads\eclipse-jee-2023-12-R-win32-x86_64\eclipse\plugins\org.eclipse.m2e.maven.runtime_3.9.500.20231113-2345\jars\plexus-cipher-2.0.jar
2024-02-08 13:55:45,718 [Worker-11: Launching mavenrun-5d847287-5543-44bd-9c71-1265c89efcdf] INFO  o.eclipse.m2e.core.internal.Bundles - 	Entry: C:\Users\MANISH KUMAR\Downloads\eclipse-jee-2023-12-R-win32-x86_64\eclipse\plugins\org.eclipse.m2e.maven.runtime_3.9.500.20231113-2345\jars\plexus-classworlds-2.7.0.jar
2024-02-08 13:55:45,718 [Worker-11: Launching mavenrun-5d847287-5543-44bd-9c71-1265c89efcdf] INFO  o.eclipse.m2e.core.internal.Bundles - 	Entry: C:\Users\MANISH KUMAR\Downloads\eclipse-jee-2023-12-R-win32-x86_64\eclipse\plugins\org.eclipse.m2e.maven.runtime_3.9.500.20231113-2345\jars\plexus-component-annotations-2.1.0.jar
2024-02-08 13:55:45,718 [Worker-11: Launching mavenrun-5d847287-5543-44bd-9c71-1265c89efcdf] INFO  o.eclipse.m2e.core.internal.Bundles - 	Entry: C:\Users\MANISH KUMAR\Downloads\eclipse-jee-2023-12-R-win32-x86_64\eclipse\plugins\org.eclipse.m2e.maven.runtime_3.9.500.20231113-2345\jars\plexus-interpolation-1.26.jar
2024-02-08 13:55:45,718 [Worker-11: Launching mavenrun-5d847287-5543-44bd-9c71-1265c89efcdf] INFO  o.eclipse.m2e.core.internal.Bundles - 	Entry: C:\Users\MANISH KUMAR\Downloads\eclipse-jee-2023-12-R-win32-x86_64\eclipse\plugins\org.eclipse.m2e.maven.runtime_3.9.500.20231113-2345\jars\plexus-sec-dispatcher-2.0.jar
2024-02-08 13:55:45,719 [Worker-11: Launching mavenrun-5d847287-5543-44bd-9c71-1265c89efcdf] INFO  o.eclipse.m2e.core.internal.Bundles - 	Entry: C:\Users\MANISH KUMAR\Downloads\eclipse-jee-2023-12-R-win32-x86_64\eclipse\plugins\org.eclipse.m2e.maven.runtime_3.9.500.20231113-2345\jars\plexus-utils-3.5.1.jar
2024-02-08 13:55:45,719 [Worker-11: Launching mavenrun-5d847287-5543-44bd-9c71-1265c89efcdf] INFO  o.eclipse.m2e.core.internal.Bundles - 	Entry: C:\Users\MANISH KUMAR\Downloads\eclipse-jee-2023-12-R-win32-x86_64\eclipse\plugins\org.eclipse.m2e.maven.runtime_3.9.500.20231113-2345\jars\wagon-file-3.5.3.jar
2024-02-08 13:55:45,719 [Worker-11: Launching mavenrun-5d847287-5543-44bd-9c71-1265c89efcdf] INFO  o.eclipse.m2e.core.internal.Bundles - 	Entry: C:\Users\MANISH KUMAR\Downloads\eclipse-jee-2023-12-R-win32-x86_64\eclipse\plugins\org.eclipse.m2e.maven.runtime_3.9.500.20231113-2345\jars\wagon-http-3.5.3.jar
2024-02-08 13:55:45,719 [Worker-11: Launching mavenrun-5d847287-5543-44bd-9c71-1265c89efcdf] INFO  o.eclipse.m2e.core.internal.Bundles - 	Entry: C:\Users\MANISH KUMAR\Downloads\eclipse-jee-2023-12-R-win32-x86_64\eclipse\plugins\org.eclipse.m2e.maven.runtime_3.9.500.20231113-2345\jars\wagon-http-shared-3.5.3.jar
2024-02-08 13:55:45,719 [Worker-11: Launching mavenrun-5d847287-5543-44bd-9c71-1265c89efcdf] INFO  o.eclipse.m2e.core.internal.Bundles - 	Entry: C:\Users\MANISH KUMAR\Downloads\eclipse-jee-2023-12-R-win32-x86_64\eclipse\plugins\org.eclipse.m2e.maven.runtime_3.9.500.20231113-2345\jars\wagon-provider-api-3.5.3.jar
2024-02-08 13:55:45,721 [Worker-11: Launching mavenrun-5d847287-5543-44bd-9c71-1265c89efcdf] INFO  o.eclipse.m2e.core.internal.Bundles - getClasspathEntries(Bundle=com.google.guava_32.1.3.jre [12])
2024-02-08 13:55:45,721 [Worker-11: Launching mavenrun-5d847287-5543-44bd-9c71-1265c89efcdf] INFO  o.eclipse.m2e.core.internal.Bundles - 	Entry: C:\Users\MANISH KUMAR\Downloads\eclipse-jee-2023-12-R-win32-x86_64\eclipse\plugins\com.google.guava_32.1.3.jre.jar
2024-02-08 13:55:45,721 [Worker-11: Launching mavenrun-5d847287-5543-44bd-9c71-1265c89efcdf] INFO  o.eclipse.m2e.core.internal.Bundles - getClasspathEntries(Bundle=slf4j.api_2.0.9 [989])
2024-02-08 13:55:45,721 [Worker-11: Launching mavenrun-5d847287-5543-44bd-9c71-1265c89efcdf] INFO  o.eclipse.m2e.core.internal.Bundles - 	Entry: C:\Users\MANISH KUMAR\Downloads\eclipse-jee-2023-12-R-win32-x86_64\eclipse\plugins\slf4j.api_2.0.9.jar
2024-02-08 13:55:45,721 [Worker-11: Launching mavenrun-5d847287-5543-44bd-9c71-1265c89efcdf] INFO  o.eclipse.m2e.core.internal.Bundles - getClasspathEntries(Bundle=jakarta.inject.jakarta.inject-api_1.0.5 [29])
2024-02-08 13:55:45,722 [Worker-11: Launching mavenrun-5d847287-5543-44bd-9c71-1265c89efcdf] INFO  o.eclipse.m2e.core.internal.Bundles - 	Entry: C:\Users\MANISH KUMAR\Downloads\eclipse-jee-2023-12-R-win32-x86_64\eclipse\plugins\jakarta.inject.jakarta.inject-api_1.0.5.jar
2024-02-08 13:55:45,722 [Worker-11: Launching mavenrun-5d847287-5543-44bd-9c71-1265c89efcdf] INFO  o.eclipse.m2e.core.internal.Bundles - getClasspathEntries(Bundle=jakarta.annotation-api_1.3.5 [24])
2024-02-08 13:55:45,723 [Worker-11: Launching mavenrun-5d847287-5543-44bd-9c71-1265c89efcdf] INFO  o.eclipse.m2e.core.internal.Bundles - 	Entry: C:\Users\MANISH KUMAR\Downloads\eclipse-jee-2023-12-R-win32-x86_64\eclipse\plugins\jakarta.annotation-api_1.3.5.jar
2024-02-08 13:55:45,723 [Worker-11: Launching mavenrun-5d847287-5543-44bd-9c71-1265c89efcdf] INFO  o.eclipse.m2e.core.internal.Bundles - getClasspathEntries(Bundle=org.apache.commons.cli_1.6.0 [71])
2024-02-08 13:55:45,724 [Worker-11: Launching mavenrun-5d847287-5543-44bd-9c71-1265c89efcdf] INFO  o.eclipse.m2e.core.internal.Bundles - 	Entry: C:\Users\MANISH KUMAR\Downloads\eclipse-jee-2023-12-R-win32-x86_64\eclipse\plugins\org.apache.commons.cli_1.6.0.jar
2024-02-08 13:55:45,724 [Worker-11: Launching mavenrun-5d847287-5543-44bd-9c71-1265c89efcdf] INFO  o.eclipse.m2e.core.internal.Bundles - getClasspathEntries(Bundle=org.apache.commons.commons-codec_1.16.0 [75])
2024-02-08 13:55:45,724 [Worker-11: Launching mavenrun-5d847287-5543-44bd-9c71-1265c89efcdf] INFO  o.eclipse.m2e.core.internal.Bundles - 	Entry: C:\Users\MANISH KUMAR\Downloads\eclipse-jee-2023-12-R-win32-x86_64\eclipse\plugins\org.apache.commons.commons-codec_1.16.0.jar
2024-02-08 13:55:45,725 [Worker-11: Launching mavenrun-5d847287-5543-44bd-9c71-1265c89efcdf] INFO  o.eclipse.m2e.core.internal.Bundles - getClasspathEntries(Bundle=org.apache.commons.lang3_3.13.0 [82])
2024-02-08 13:55:45,725 [Worker-11: Launching mavenrun-5d847287-5543-44bd-9c71-1265c89efcdf] INFO  o.eclipse.m2e.core.internal.Bundles - 	Entry: C:\Users\MANISH KUMAR\Downloads\eclipse-jee-2023-12-R-win32-x86_64\eclipse\plugins\org.apache.commons.lang3_3.13.0.jar
2024-02-08 13:55:45,725 [Worker-11: Launching mavenrun-5d847287-5543-44bd-9c71-1265c89efcdf] INFO  o.eclipse.m2e.core.internal.Bundles - getClasspathEntries(Bundle=com.google.guava.failureaccess_1.0.2 [13])
2024-02-08 13:55:45,725 [Worker-11: Launching mavenrun-5d847287-5543-44bd-9c71-1265c89efcdf] INFO  o.eclipse.m2e.core.internal.Bundles - 	Entry: C:\Users\MANISH KUMAR\Downloads\eclipse-jee-2023-12-R-win32-x86_64\eclipse\plugins\com.google.guava.failureaccess_1.0.2.jar
2024-02-08 13:55:45,735 [Worker-11: Launching mavenrun-5d847287-5543-44bd-9c71-1265c89efcdf] INFO  o.e.m.i.launch.MavenLaunchDelegate - Run build in "C:\Users\MANISH~1\AppData\Local\Temp\m2e-archetypeGenerator508339033196649921":
2024-02-08 13:55:45,744 [Worker-11: Launching mavenrun-5d847287-5543-44bd-9c71-1265c89efcdf] INFO  o.e.m.i.launch.MavenLaunchDelegate -  mvn  -DarchetypeGroupId=org.apache.maven.archetypes -DarchetypeArtifactId=maven-archetype-webapp -DarchetypeVersion=1.0 -DgroupId=org.jsp -DartifactId=Checkup -Dversion=0.0.1-SNAPSHOT -Dpackage=org.jsp.Checkup -DoutputDirectory="C:\Users\MANISH KUMAR\eclipse-workspace" -Dstyle.color=always -U archetype:generate
2024-02-08 13:56:04,052 [Worker-10: Creating maven-archetype-webapp] INFO  o.e.m.c.i.p.ProjectConfigurationManager - Collecting project info '/pom.xml' C:\Users\MANISH KUMAR\eclipse-workspace\Checkup\pom.xml
2024-02-08 13:56:05,024 [Worker-10: Creating maven-archetype-webapp] INFO  o.e.m.c.i.e.AbstractTransferListenerAdapter - Downloading https://repo.maven.apache.org/maven2/org/apache/maven/plugins/maven-surefire-plugin/3.1.2/maven-surefire-plugin-3.1.2.jar
2024-02-08 13:56:05,119 [Worker-10: Creating maven-archetype-webapp] INFO  o.e.m.c.i.e.AbstractTransferListenerAdapter - Downloaded https://repo.maven.apache.org/maven2/org/apache/maven/plugins/maven-surefire-plugin/3.1.2/maven-surefire-plugin-3.1.2.jar
2024-02-08 13:56:05,428 [Worker-10: Creating maven-archetype-webapp] INFO  o.e.m.c.i.e.AbstractTransferListenerAdapter - Downloading https://repo.maven.apache.org/maven2/org/apache/maven/plugins/maven-war-plugin/3.4.0/maven-war-plugin-3.4.0.jar
2024-02-08 13:56:05,637 [Worker-10: Creating maven-archetype-webapp] INFO  o.e.m.c.i.e.AbstractTransferListenerAdapter - Downloaded https://repo.maven.apache.org/maven2/org/apache/maven/plugins/maven-war-plugin/3.4.0/maven-war-plugin-3.4.0.jar
2024-02-08 13:56:06,722 [Worker-10: Creating maven-archetype-webapp] INFO  o.e.m.c.i.l.LifecycleMappingFactory - Using org.maven.ide.eclipse.wtp.WarLifecycleMapping lifecycle mapping for MavenProject: org.jsp:Checkup:0.0.1-SNAPSHOT @ C:\Users\MANISH KUMAR\eclipse-workspace\Checkup\pom.xml.
2024-02-08 13:56:06,965 [Worker-10: Creating maven-archetype-webapp] INFO  o.e.m.c.i.e.AbstractTransferListenerAdapter - Downloading https://repo.maven.apache.org/maven2/org/apache/maven/plugins/maven-surefire-plugin/3.1.2/maven-surefire-plugin-3.1.2.pom
2024-02-08 13:56:06,968 [Worker-10: Creating maven-archetype-webapp] INFO  o.e.m.c.i.e.AbstractTransferListenerAdapter - Downloaded https://repo.maven.apache.org/maven2/org/apache/maven/plugins/maven-surefire-plugin/3.1.2/maven-surefire-plugin-3.1.2.pom
2024-02-08 13:56:07,170 [Worker-10: Creating maven-archetype-webapp] INFO  o.e.m.c.i.e.AbstractTransferListenerAdapter - Downloading https://repo.maven.apache.org/maven2/org/apache/maven/surefire/surefire/3.1.2/surefire-3.1.2.pom
2024-02-08 13:56:07,179 [Worker-10: Creating maven-archetype-webapp] INFO  o.e.m.c.i.e.AbstractTransferListenerAdapter - Downloaded https://repo.maven.apache.org/maven2/org/apache/maven/surefire/surefire/3.1.2/surefire-3.1.2.pom
2024-02-08 13:56:07,376 [Worker-10: Creating maven-archetype-webapp] INFO  o.e.m.c.i.e.AbstractTransferListenerAdapter - Downloading https://repo.maven.apache.org/maven2/org/apache/maven/plugins/maven-war-plugin/3.4.0/maven-war-plugin-3.4.0.pom
2024-02-08 13:56:07,383 [Worker-10: Creating maven-archetype-webapp] INFO  o.e.m.c.i.e.AbstractTransferListenerAdapter - Downloaded https://repo.maven.apache.org/maven2/org/apache/maven/plugins/maven-war-plugin/3.4.0/maven-war-plugin-3.4.0.pom
2024-02-08 13:56:07,783 [Worker-10: Creating maven-archetype-webapp] INFO  o.e.m.c.i.e.AbstractTransferListenerAdapter - Downloading https://repo.maven.apache.org/maven2/org/apache/maven/shared/maven-shared-utils/3.4.2/maven-shared-utils-3.4.2.pom
2024-02-08 13:56:07,787 [Worker-10: Creating maven-archetype-webapp] INFO  o.e.m.c.i.e.AbstractTransferListenerAdapter - Downloaded https://repo.maven.apache.org/maven2/org/apache/maven/shared/maven-shared-utils/3.4.2/maven-shared-utils-3.4.2.pom
2024-02-08 13:56:07,990 [Worker-10: Creating maven-archetype-webapp] INFO  o.e.m.c.i.e.AbstractTransferListenerAdapter - Downloading https://repo.maven.apache.org/maven2/commons-io/commons-io/2.13.0/commons-io-2.13.0.pom
2024-02-08 13:56:07,992 [Worker-10: Creating maven-archetype-webapp] INFO  o.e.m.c.i.e.AbstractTransferListenerAdapter - Downloaded https://repo.maven.apache.org/maven2/commons-io/commons-io/2.13.0/commons-io-2.13.0.pom
2024-02-08 13:56:08,193 [Worker-10: Creating maven-archetype-webapp] INFO  o.e.m.c.i.e.AbstractTransferListenerAdapter - Downloading https://repo.maven.apache.org/maven2/org/apache/commons/commons-parent/58/commons-parent-58.pom
2024-02-08 13:56:08,207 [Worker-10: Creating maven-archetype-webapp] INFO  o.e.m.c.i.e.AbstractTransferListenerAdapter - Downloaded https://repo.maven.apache.org/maven2/org/apache/commons/commons-parent/58/commons-parent-58.pom
2024-02-08 13:56:08,398 [Worker-10: Creating maven-archetype-webapp] INFO  o.e.m.c.i.e.AbstractTransferListenerAdapter - Downloading https://repo.maven.apache.org/maven2/org/codehaus/plexus/plexus-archiver/4.7.1/plexus-archiver-4.7.1.pom
2024-02-08 13:56:08,403 [Worker-10: Creating maven-archetype-webapp] INFO  o.e.m.c.i.e.AbstractTransferListenerAdapter - Downloaded https://repo.maven.apache.org/maven2/org/codehaus/plexus/plexus-archiver/4.7.1/plexus-archiver-4.7.1.pom
2024-02-08 13:56:08,603 [Worker-10: Creating maven-archetype-webapp] INFO  o.e.m.c.i.e.AbstractTransferListenerAdapter - Downloading https://repo.maven.apache.org/maven2/org/codehaus/plexus/plexus-io/3.4.1/plexus-io-3.4.1.pom
2024-02-08 13:56:08,607 [Worker-10: Creating maven-archetype-webapp] INFO  o.e.m.c.i.e.AbstractTransferListenerAdapter - Downloaded https://repo.maven.apache.org/maven2/org/codehaus/plexus/plexus-io/3.4.1/plexus-io-3.4.1.pom
2024-02-08 13:56:08,763 [Worker-10: Creating maven-archetype-webapp] INFO  o.e.m.c.i.e.AbstractTransferListenerAdapter - Downloading https://repo.maven.apache.org/maven2/org/apache/commons/commons-compress/1.23.0/commons-compress-1.23.0.pom
2024-02-08 13:56:08,766 [Worker-10: Creating maven-archetype-webapp] INFO  o.e.m.c.i.e.AbstractTransferListenerAdapter - Downloaded https://repo.maven.apache.org/maven2/org/apache/commons/commons-compress/1.23.0/commons-compress-1.23.0.pom
2024-02-08 13:56:08,910 [Worker-10: Creating maven-archetype-webapp] INFO  o.e.m.c.i.e.AbstractTransferListenerAdapter - Downloading https://repo.maven.apache.org/maven2/org/apache/commons/commons-parent/56/commons-parent-56.pom
2024-02-08 13:56:08,925 [Worker-10: Creating maven-archetype-webapp] INFO  o.e.m.c.i.e.AbstractTransferListenerAdapter - Downloaded https://repo.maven.apache.org/maven2/org/apache/commons/commons-parent/56/commons-parent-56.pom
2024-02-08 13:56:09,002 [Worker-10: Creating maven-archetype-webapp] INFO  o.e.m.c.i.e.AbstractTransferListenerAdapter - Downloading https://repo.maven.apache.org/maven2/com/github/luben/zstd-jni/1.5.5-2/zstd-jni-1.5.5-2.pom
2024-02-08 13:56:09,006 [Worker-10: Creating maven-archetype-webapp] INFO  o.e.m.c.i.e.AbstractTransferListenerAdapter - Downloaded https://repo.maven.apache.org/maven2/com/github/luben/zstd-jni/1.5.5-2/zstd-jni-1.5.5-2.pom
2024-02-08 13:56:09,274 [Worker-10: Creating maven-archetype-webapp] INFO  o.e.m.c.i.e.AbstractTransferListenerAdapter - Downloading https://repo.maven.apache.org/maven2/org/codehaus/plexus/plexus-component-annotations/1.5.4/plexus-component-annotations-1.5.4.pom
2024-02-08 13:56:09,276 [Worker-10: Creating maven-archetype-webapp] INFO  o.e.m.c.i.e.AbstractTransferListenerAdapter - Downloaded https://repo.maven.apache.org/maven2/org/codehaus/plexus/plexus-component-annotations/1.5.4/plexus-component-annotations-1.5.4.pom
2024-02-08 13:56:09,423 [Worker-10: Creating maven-archetype-webapp] INFO  o.e.m.c.i.e.AbstractTransferListenerAdapter - Downloading https://repo.maven.apache.org/maven2/org/codehaus/plexus/plexus-containers/1.5.4/plexus-containers-1.5.4.pom
2024-02-08 13:56:09,429 [Worker-10: Creating maven-archetype-webapp] INFO  o.e.m.c.i.e.AbstractTransferListenerAdapter - Downloaded https://repo.maven.apache.org/maven2/org/codehaus/plexus/plexus-containers/1.5.4/plexus-containers-1.5.4.pom
2024-02-08 13:56:09,626 [Worker-10: Creating maven-archetype-webapp] INFO  o.e.m.c.i.e.AbstractTransferListenerAdapter - Downloading https://repo.maven.apache.org/maven2/org/codehaus/plexus/plexus/2.0.5/plexus-2.0.5.pom
2024-02-08 13:56:09,631 [Worker-10: Creating maven-archetype-webapp] INFO  o.e.m.c.i.e.AbstractTransferListenerAdapter - Downloaded https://repo.maven.apache.org/maven2/org/codehaus/plexus/plexus/2.0.5/plexus-2.0.5.pom
2024-02-08 13:56:09,937 [Worker-10: Creating maven-archetype-webapp] INFO  o.e.m.c.i.e.AbstractTransferListenerAdapter - Downloading https://repo.maven.apache.org/maven2/org/apache/maven/shared/maven-shared-utils/3.4.2/maven-shared-utils-3.4.2.jar
2024-02-08 13:56:10,145 [Worker-10: Creating maven-archetype-webapp] INFO  o.e.m.c.i.e.AbstractTransferListenerAdapter - Downloaded https://repo.maven.apache.org/maven2/org/apache/maven/shared/maven-shared-utils/3.4.2/maven-shared-utils-3.4.2.jar
2024-02-08 13:56:10,346 [BasicRepositoryConnector-repo.maven.apache.org-0-0] INFO  o.e.m.c.i.e.AbstractTransferListenerAdapter - Downloading https://repo.maven.apache.org/maven2/commons-io/commons-io/2.13.0/commons-io-2.13.0.jar
2024-02-08 13:56:10,588 [BasicRepositoryConnector-repo.maven.apache.org-0-1] INFO  o.e.m.c.i.e.AbstractTransferListenerAdapter - Downloading https://repo.maven.apache.org/maven2/org/codehaus/plexus/plexus-archiver/4.7.1/plexus-archiver-4.7.1.jar
2024-02-08 13:56:10,603 [BasicRepositoryConnector-repo.maven.apache.org-0-3] INFO  o.e.m.c.i.e.AbstractTransferListenerAdapter - Downloading https://repo.maven.apache.org/maven2/com/github/luben/zstd-jni/1.5.5-2/zstd-jni-1.5.5-2.jar
2024-02-08 13:56:10,613 [BasicRepositoryConnector-repo.maven.apache.org-0-2] INFO  o.e.m.c.i.e.AbstractTransferListenerAdapter - Downloading https://repo.maven.apache.org/maven2/org/apache/commons/commons-compress/1.23.0/commons-compress-1.23.0.jar
2024-02-08 13:56:10,713 [BasicRepositoryConnector-repo.maven.apache.org-0-0] INFO  o.e.m.c.i.e.AbstractTransferListenerAdapter - Downloaded https://repo.maven.apache.org/maven2/commons-io/commons-io/2.13.0/commons-io-2.13.0.jar
2024-02-08 13:56:10,731 [BasicRepositoryConnector-repo.maven.apache.org-0-1] INFO  o.e.m.c.i.e.AbstractTransferListenerAdapter - Downloaded https://repo.maven.apache.org/maven2/org/codehaus/plexus/plexus-archiver/4.7.1/plexus-archiver-4.7.1.jar
2024-02-08 13:56:11,171 [BasicRepositoryConnector-repo.maven.apache.org-0-2] INFO  o.e.m.c.i.e.AbstractTransferListenerAdapter - Downloaded https://repo.maven.apache.org/maven2/org/apache/commons/commons-compress/1.23.0/commons-compress-1.23.0.jar
2024-02-08 13:56:12,069 [BasicRepositoryConnector-repo.maven.apache.org-0-3] INFO  o.e.m.c.i.e.AbstractTransferListenerAdapter - Downloaded https://repo.maven.apache.org/maven2/com/github/luben/zstd-jni/1.5.5-2/zstd-jni-1.5.5-2.jar
2024-02-08 13:56:12,908 [Worker-10: Creating maven-archetype-webapp] INFO  o.e.m.j.i.AbstractJavaProjectConfigurator - Adding source folder /Checkup/src/main/java
2024-02-08 13:56:12,909 [Worker-10: Creating maven-archetype-webapp] INFO  o.e.m.j.i.AbstractJavaProjectConfigurator - Adding resource folder /Checkup/src/main/resources
2024-02-08 13:56:12,910 [Worker-10: Creating maven-archetype-webapp] INFO  o.e.m.j.i.AbstractJavaProjectConfigurator - Adding source folder /Checkup/src/test/java
2024-02-08 13:56:12,911 [Worker-10: Creating maven-archetype-webapp] INFO  o.e.m.j.i.AbstractJavaProjectConfigurator - Adding resource folder /Checkup/src/test/resources
2024-02-08 13:56:13,791 [Worker-6: Download sources and javadoc] INFO  o.e.m.c.i.e.AbstractTransferListenerAdapter - Downloading https://repo.maven.apache.org/maven2/junit/junit/3.8.1/junit-3.8.1-sources.jar
2024-02-08 13:56:13,844 [Worker-6: Download sources and javadoc] INFO  o.e.m.c.i.e.AbstractTransferListenerAdapter - Downloaded https://repo.maven.apache.org/maven2/junit/junit/3.8.1/junit-3.8.1-sources.jar
2024-02-08 13:56:13,850 [Worker-6: Download sources and javadoc] INFO  o.e.m.j.internal.DownloadSourcesJob - Downloaded sources for junit:junit:3.8.1
2024-02-08 13:56:15,057 [Worker-10: Creating maven-archetype-webapp] INFO  o.e.m.c.i.p.ProjectConfigurationManager - Imported and configured 1 project(s) in 11 sec
2024-02-08 13:56:16,204 [Worker-6: Building] WARN  o.a.m.s.f.DefaultMavenResourcesFiltering - Using platform encoding (Cp1252 actually) to copy filtered resources, i.e. build is platform dependent!
2024-02-08 13:56:16,216 [Worker-6: Building] INFO  o.a.m.s.f.DefaultMavenResourcesFiltering - Copying 0 resource from src\main\resources to target\classes
2024-02-08 13:56:16,225 [Worker-6: Building] WARN  o.a.m.s.f.DefaultMavenResourcesFiltering - Using platform encoding (Cp1252 actually) to copy filtered resources, i.e. build is platform dependent!
2024-02-08 13:56:16,228 [Worker-6: Building] INFO  o.a.m.s.f.DefaultMavenResourcesFiltering - skip non existing resourceDirectory C:\Users\MANISH KUMAR\eclipse-workspace\Checkup\src\test\resources
2024-02-08 13:56:58,379 [Worker-7: Building] WARN  o.a.m.s.f.DefaultMavenResourcesFiltering - Using platform encoding (Cp1252 actually) to copy filtered resources, i.e. build is platform dependent!
2024-02-08 13:56:58,381 [Worker-7: Building] INFO  o.a.m.s.f.DefaultMavenResourcesFiltering - Copying 0 resource from src\main\resources to target\classes
2024-02-08 13:56:58,384 [Worker-7: Building] WARN  o.a.m.s.f.DefaultMavenResourcesFiltering - Using platform encoding (Cp1252 actually) to copy filtered resources, i.e. build is platform dependent!
2024-02-08 13:56:58,385 [Worker-7: Building] INFO  o.a.m.s.f.DefaultMavenResourcesFiltering - Copying 0 resource from src\test\resources to target\test-classes
2024-02-08 13:58:46,836 [Worker-11: Building] WARN  o.a.m.s.f.DefaultMavenResourcesFiltering - Using platform encoding (Cp1252 actually) to copy filtered resources, i.e. build is platform dependent!
2024-02-08 13:58:46,839 [Worker-11: Building] INFO  o.a.m.s.f.DefaultMavenResourcesFiltering - Copying 0 resource from src\main\resources to target\classes
2024-02-08 13:58:46,842 [Worker-11: Building] WARN  o.a.m.s.f.DefaultMavenResourcesFiltering - Using platform encoding (Cp1252 actually) to copy filtered resources, i.e. build is platform dependent!
2024-02-08 13:58:46,846 [Worker-11: Building] INFO  o.a.m.s.f.DefaultMavenResourcesFiltering - Copying 0 resource from src\test\resources to target\test-classes
2024-02-08 13:58:55,688 [Worker-5: Updating Maven Project] INFO  o.e.m.c.i.p.ProjectConfigurationManager - Update started
2024-02-08 13:58:55,961 [Worker-5: Updating Maven Project] INFO  o.e.m.c.i.l.LifecycleMappingFactory - Using org.maven.ide.eclipse.wtp.WarLifecycleMapping lifecycle mapping for MavenProject: org.jsp:Checkup:0.0.1-SNAPSHOT @ C:\Users\MANISH KUMAR\eclipse-workspace\Checkup\pom.xml.
2024-02-08 13:58:56,639 [Worker-5: Updating Maven Project] INFO  o.e.m.j.i.AbstractJavaProjectConfigurator - Adding source folder /Checkup/src/main/java
2024-02-08 13:58:56,639 [Worker-5: Updating Maven Project] INFO  o.e.m.j.i.AbstractJavaProjectConfigurator - Adding resource folder /Checkup/src/main/resources
2024-02-08 13:58:56,640 [Worker-5: Updating Maven Project] INFO  o.e.m.j.i.AbstractJavaProjectConfigurator - Adding source folder /Checkup/src/test/java
2024-02-08 13:58:56,640 [Worker-5: Updating Maven Project] INFO  o.e.m.j.i.AbstractJavaProjectConfigurator - Adding resource folder /Checkup/src/test/resources
2024-02-08 13:58:57,175 [Worker-5: Updating Maven Project] INFO  o.e.m.w.i.f.ResourceFilteringBuildParticipant - Cleaning filtered folder for Checkup
2024-02-08 13:58:57,190 [Worker-5: Updating Maven Project] INFO  o.e.m.c.i.p.ProjectConfigurationManager - Update completed for 1 poms: local refresh takes 0.00 sec, refresh facades takes 0.00 sec, update config takes 0.00 sec 
2024-02-08 13:58:57,345 [Worker-4: Building] WARN  o.a.m.s.f.DefaultMavenResourcesFiltering - Using platform encoding (Cp1252 actually) to copy filtered resources, i.e. build is platform dependent!
2024-02-08 13:58:57,347 [Worker-4: Building] INFO  o.a.m.s.f.DefaultMavenResourcesFiltering - Copying 0 resource from src\main\resources to target\classes
2024-02-08 13:58:57,351 [Worker-4: Building] WARN  o.a.m.s.f.DefaultMavenResourcesFiltering - Using platform encoding (Cp1252 actually) to copy filtered resources, i.e. build is platform dependent!
2024-02-08 13:58:57,352 [Worker-4: Building] INFO  o.a.m.s.f.DefaultMavenResourcesFiltering - Copying 0 resource from src\test\resources to target\test-classes
2024-02-08 13:58:57,353 [Worker-4: Building] INFO  o.e.m.w.i.f.ResourceFilteringBuildParticipant - Changed resources require a complete clean of filtered resources of Checkup
2024-02-08 13:58:57,355 [Worker-4: Building] INFO  o.e.m.w.i.f.ResourceFilteringBuildParticipant - Executing resource filtering for Checkup
2024-02-08 14:04:42,103 [Worker-6: Building] WARN  o.a.m.s.f.DefaultMavenResourcesFiltering - Using platform encoding (Cp1252 actually) to copy filtered resources, i.e. build is platform dependent!
2024-02-08 14:04:42,109 [Worker-6: Building] INFO  o.a.m.s.f.DefaultMavenResourcesFiltering - Copying 0 resource from src\main\resources to target\classes
2024-02-08 14:04:42,114 [Worker-6: Building] WARN  o.a.m.s.f.DefaultMavenResourcesFiltering - Using platform encoding (Cp1252 actually) to copy filtered resources, i.e. build is platform dependent!
2024-02-08 14:04:42,117 [Worker-6: Building] INFO  o.a.m.s.f.DefaultMavenResourcesFiltering - Copying 0 resource from src\test\resources to target\test-classes
2024-02-08 14:05:07,118 [Worker-4: Building] WARN  o.a.m.s.f.DefaultMavenResourcesFiltering - Using platform encoding (Cp1252 actually) to copy filtered resources, i.e. build is platform dependent!
2024-02-08 14:05:07,120 [Worker-4: Building] INFO  o.a.m.s.f.DefaultMavenResourcesFiltering - Copying 0 resource from src\main\resources to target\classes
2024-02-08 14:05:07,123 [Worker-4: Building] WARN  o.a.m.s.f.DefaultMavenResourcesFiltering - Using platform encoding (Cp1252 actually) to copy filtered resources, i.e. build is platform dependent!
2024-02-08 14:05:07,124 [Worker-4: Building] INFO  o.a.m.s.f.DefaultMavenResourcesFiltering - Copying 0 resource from src\test\resources to target\test-classes
2024-02-08 14:09:45,096 [Worker-6: Updating Maven Project] INFO  o.e.m.c.i.p.ProjectConfigurationManager - Update started
2024-02-08 14:09:45,436 [Worker-6: Updating Maven Project] INFO  o.e.m.c.i.l.LifecycleMappingFactory - Using org.maven.ide.eclipse.wtp.WarLifecycleMapping lifecycle mapping for MavenProject: org.jsp:Checkup:0.0.1-SNAPSHOT @ C:\Users\MANISH KUMAR\eclipse-workspace\Checkup\pom.xml.
2024-02-08 14:09:46,536 [Worker-6: Updating Maven Project] INFO  o.e.m.j.i.AbstractJavaProjectConfigurator - Adding source folder /Checkup/src/main/java
2024-02-08 14:09:46,537 [Worker-6: Updating Maven Project] INFO  o.e.m.j.i.AbstractJavaProjectConfigurator - Adding resource folder /Checkup/src/main/resources
2024-02-08 14:09:46,538 [Worker-6: Updating Maven Project] INFO  o.e.m.j.i.AbstractJavaProjectConfigurator - Adding source folder /Checkup/src/test/java
2024-02-08 14:09:46,538 [Worker-6: Updating Maven Project] INFO  o.e.m.j.i.AbstractJavaProjectConfigurator - Adding resource folder /Checkup/src/test/resources
2024-02-08 14:09:47,638 [Worker-6: Updating Maven Project] INFO  o.e.m.w.i.f.ResourceFilteringBuildParticipant - Cleaning filtered folder for Checkup
2024-02-08 14:09:47,659 [Worker-6: Updating Maven Project] INFO  o.e.m.c.i.p.ProjectConfigurationManager - Update completed for 1 poms: local refresh takes 0.00 sec, refresh facades takes 1.00 sec, update config takes 1.00 sec 
2024-02-08 14:09:47,849 [Worker-14: Building] WARN  o.a.m.s.f.DefaultMavenResourcesFiltering - Using platform encoding (Cp1252 actually) to copy filtered resources, i.e. build is platform dependent!
2024-02-08 14:09:47,852 [Worker-14: Building] INFO  o.a.m.s.f.DefaultMavenResourcesFiltering - Copying 0 resource from src\main\resources to target\classes
2024-02-08 14:09:47,860 [Worker-14: Building] WARN  o.a.m.s.f.DefaultMavenResourcesFiltering - Using platform encoding (Cp1252 actually) to copy filtered resources, i.e. build is platform dependent!
2024-02-08 14:09:47,862 [Worker-14: Building] INFO  o.a.m.s.f.DefaultMavenResourcesFiltering - Copying 0 resource from src\test\resources to target\test-classes
2024-02-08 14:09:47,863 [Worker-14: Building] INFO  o.e.m.w.i.f.ResourceFilteringBuildParticipant - Changed resources require a complete clean of filtered resources of Checkup
2024-02-08 14:09:47,863 [Worker-14: Building] INFO  o.e.m.w.i.f.ResourceFilteringBuildParticipant - Executing resource filtering for Checkup
